Base path: 'C:/Program Files/Unity/Hub/Editor/2019.4.10f1/Editor/Data', plugins path 'C:/Program Files/Unity/Hub/Editor/2019.4.10f1/Editor/Data/PlaybackEngines'
Cmd: initializeCompiler
Cmd: compileSnippet
  api=4 type=0 insize=16577 outsize=5382 kw=_SUNDISK_NONE pd=UNITY_ENABLE_REFLECTION_BUFFERS UNITY_USE_DITHER_MASK_FOR_ALPHABLENDED_SHADOWS UNITY_PBS_USE_BRDF1 UNITY_SPECCUBE_BOX_PROJECTION UNITY_SPECCUBE_BLENDING UNITY_ENABLE_DETAIL_NORMALMAP SHADER_API_DESKTOP UNITY_COLORSPACE_GAMMA UNITY_LIGHT_PROBE_PROXY_VOLUME UNITY_LIGHTMAP_FULL_HDR ok=1
Cmd: compileSnippet
  api=4 type=1 insize=16577 outsize=442 kw=_SUNDISK_NONE pd=UNITY_ENABLE_REFLECTION_BUFFERS UNITY_USE_DITHER_MASK_FOR_ALPHABLENDED_SHADOWS UNITY_PBS_USE_BRDF1 UNITY_SPECCUBE_BOX_PROJECTION UNITY_SPECCUBE_BLENDING UNITY_ENABLE_DETAIL_NORMALMAP SHADER_API_DESKTOP UNITY_COLORSPACE_GAMMA UNITY_LIGHT_PROBE_PROXY_VOLUME UNITY_LIGHTMAP_FULL_HDR ok=1
Cmd: compileSnippet
  api=4 type=0 insize=1302 outsize=1414 kw=UNITY_PASS_SHADOWCASTER SHADOWS_DEPTH pd=UNITY_ENABLE_REFLECTION_BUFFERS UNITY_USE_DITHER_MASK_FOR_ALPHABLENDED_SHADOWS UNITY_PBS_USE_BRDF1 UNITY_SPECCUBE_BOX_PROJECTION UNITY_SPECCUBE_BLENDING UNITY_ENABLE_DETAIL_NORMALMAP SHADER_API_DESKTOP UNITY_COLORSPACE_GAMMA UNITY_LIGHT_PROBE_PROXY_VOLUME UNITY_LIGHTMAP_FULL_HDR ok=1
Cmd: compileSnippet
  api=4 type=1 insize=1302 outsize=218 kw=UNITY_PASS_SHADOWCASTER SHADOWS_DEPTH pd=UNITY_ENABLE_REFLECTION_BUFFERS UNITY_USE_DITHER_MASK_FOR_ALPHABLENDED_SHADOWS UNITY_PBS_USE_BRDF1 UNITY_SPECCUBE_BOX_PROJECTION UNITY_SPECCUBE_BLENDING UNITY_ENABLE_DETAIL_NORMALMAP SHADER_API_DESKTOP UNITY_COLORSPACE_GAMMA UNITY_LIGHT_PROBE_PROXY_VOLUME UNITY_LIGHTMAP_FULL_HDR ok=1
Cmd: compileSnippet
  api=4 type=0 insize=1602 outsize=1894 kw=UNITY_PASS_FORWARDBASE DIRECTIONAL LIGHTPROBE_SH pd=UNITY_ENABLE_REFLECTION_BUFFERS UNITY_USE_DITHER_MASK_FOR_ALPHABLENDED_SHADOWS UNITY_PBS_USE_BRDF1 UNITY_SPECCUBE_BOX_PROJECTION UNITY_SPECCUBE_BLENDING UNITY_ENABLE_DETAIL_NORMALMAP SHADER_API_DESKTOP UNITY_COLORSPACE_GAMMA UNITY_LIGHT_PROBE_PROXY_VOLUME UNITY_LIGHTMAP_FULL_HDR ok=1
Cmd: compileSnippet
  api=4 type=1 insize=1602 outsize=6814 kw=UNITY_PASS_FORWARDBASE DIRECTIONAL LIGHTPROBE_SH pd=UNITY_ENABLE_REFLECTION_BUFFERS UNITY_USE_DITHER_MASK_FOR_ALPHABLENDED_SHADOWS UNITY_PBS_USE_BRDF1 UNITY_SPECCUBE_BOX_PROJECTION UNITY_SPECCUBE_BLENDING UNITY_ENABLE_DETAIL_NORMALMAP SHADER_API_DESKTOP UNITY_COLORSPACE_GAMMA UNITY_LIGHT_PROBE_PROXY_VOLUME UNITY_LIGHTMAP_FULL_HDR ok=1
Cmd: compileSnippet
  api=4 type=0 insize=1460 outsize=1690 kw=UNITY_PASS_FORWARDADD DIRECTIONAL pd=UNITY_ENABLE_REFLECTION_BUFFERS UNITY_USE_DITHER_MASK_FOR_ALPHABLENDED_SHADOWS UNITY_PBS_USE_BRDF1 UNITY_SPECCUBE_BOX_PROJECTION UNITY_SPECCUBE_BLENDING UNITY_ENABLE_DETAIL_NORMALMAP SHADER_API_DESKTOP UNITY_COLORSPACE_GAMMA UNITY_LIGHT_PROBE_PROXY_VOLUME UNITY_LIGHTMAP_FULL_HDR ok=1
Cmd: compileSnippet
  api=4 type=1 insize=1460 outsize=3378 kw=UNITY_PASS_FORWARDADD DIRECTIONAL pd=UNITY_ENABLE_REFLECTION_BUFFERS UNITY_USE_DITHER_MASK_FOR_ALPHABLENDED_SHADOWS UNITY_PBS_USE_BRDF1 UNITY_SPECCUBE_BOX_PROJECTION UNITY_SPECCUBE_BLENDING UNITY_ENABLE_DETAIL_NORMALMAP SHADER_API_DESKTOP UNITY_COLORSPACE_GAMMA UNITY_LIGHT_PROBE_PROXY_VOLUME UNITY_LIGHTMAP_FULL_HDR ok=1
Cmd: compileSnippet
  api=4 type=0 insize=1402 outsize=822 kw=UNITY_PASS_FORWARDBASE _ALPHABLEND_ON pd=UNITY_ENABLE_REFLECTION_BUFFERS UNITY_USE_DITHER_MASK_FOR_ALPHABLENDED_SHADOWS UNITY_PBS_USE_BRDF1 UNITY_SPECCUBE_BOX_PROJECTION UNITY_SPECCUBE_BLENDING UNITY_ENABLE_DETAIL_NORMALMAP SHADER_API_DESKTOP UNITY_COLORSPACE_GAMMA UNITY_LIGHT_PROBE_PROXY_VOLUME UNITY_LIGHTMAP_FULL_HDR ok=1
Cmd: compileSnippet
  api=4 type=1 insize=1402 outsize=422 kw=UNITY_PASS_FORWARDBASE _ALPHABLEND_ON pd=UNITY_ENABLE_REFLECTION_BUFFERS UNITY_USE_DITHER_MASK_FOR_ALPHABLENDED_SHADOWS UNITY_PBS_USE_BRDF1 UNITY_SPECCUBE_BOX_PROJECTION UNITY_SPECCUBE_BLENDING UNITY_ENABLE_DETAIL_NORMALMAP SHADER_API_DESKTOP UNITY_COLORSPACE_GAMMA UNITY_LIGHT_PROBE_PROXY_VOLUME UNITY_LIGHTMAP_FULL_HDR ok=1
Cmd: initializeCompiler
Cmd: preprocess
  insize=1431 outsize=281 ok=1
Cmd: compileSnippet
  api=4 type=0 insize=1589 outsize=690 kw= pd=UNITY_ENABLE_REFLECTION_BUFFERS UNITY_USE_DITHER_MASK_FOR_ALPHABLENDED_SHADOWS UNITY_PBS_USE_BRDF1 UNITY_SPECCUBE_BOX_PROJECTION UNITY_SPECCUBE_BLENDING UNITY_ENABLE_DETAIL_NORMALMAP SHADER_API_DESKTOP UNITY_COLORSPACE_GAMMA UNITY_LIGHT_PROBE_PROXY_VOLUME UNITY_LIGHTMAP_FULL_HDR ok=1
Cmd: compileSnippet
  api=4 type=1 insize=1589 outsize=346 kw= pd=UNITY_ENABLE_REFLECTION_BUFFERS UNITY_USE_DITHER_MASK_FOR_ALPHABLENDED_SHADOWS UNITY_PBS_USE_BRDF1 UNITY_SPECCUBE_BOX_PROJECTION UNITY_SPECCUBE_BLENDING UNITY_ENABLE_DETAIL_NORMALMAP SHADER_API_DESKTOP UNITY_COLORSPACE_GAMMA UNITY_LIGHT_PROBE_PROXY_VOLUME UNITY_LIGHTMAP_FULL_HDR ok=1
Cmd: preprocess
  insize=4091 outsize=758 ok=1
Cmd: compileSnippet
  api=4 type=0 insize=3697 outsize=690 kw= pd=UNITY_ENABLE_REFLECTION_BUFFERS UNITY_USE_DITHER_MASK_FOR_ALPHABLENDED_SHADOWS UNITY_PBS_USE_BRDF1 UNITY_SPECCUBE_BOX_PROJECTION UNITY_SPECCUBE_BLENDING UNITY_ENABLE_DETAIL_NORMALMAP SHADER_API_DESKTOP UNITY_COLORSPACE_GAMMA UNITY_LIGHT_PROBE_PROXY_VOLUME UNITY_LIGHTMAP_FULL_HDR ok=1
Cmd: compileSnippet
  api=4 type=1 insize=3697 outsize=1194 kw= pd=UNITY_ENABLE_REFLECTION_BUFFERS UNITY_USE_DITHER_MASK_FOR_ALPHABLENDED_SHADOWS UNITY_PBS_USE_BRDF1 UNITY_SPECCUBE_BOX_PROJECTION UNITY_SPECCUBE_BLENDING UNITY_ENABLE_DETAIL_NORMALMAP SHADER_API_DESKTOP UNITY_COLORSPACE_GAMMA UNITY_LIGHT_PROBE_PROXY_VOLUME UNITY_LIGHTMAP_FULL_HDR ok=1
Cmd: compileSnippet
  api=4 type=0 insize=3697 outsize=690 kw= pd=UNITY_ENABLE_REFLECTION_BUFFERS UNITY_USE_DITHER_MASK_FOR_ALPHABLENDED_SHADOWS UNITY_PBS_USE_BRDF1 UNITY_SPECCUBE_BOX_PROJECTION UNITY_SPECCUBE_BLENDING UNITY_ENABLE_DETAIL_NORMALMAP SHADER_API_DESKTOP UNITY_COLORSPACE_GAMMA UNITY_LIGHT_PROBE_PROXY_VOLUME UNITY_LIGHTMAP_FULL_HDR ok=1
Cmd: compileSnippet
  api=4 type=1 insize=3697 outsize=1194 kw= pd=UNITY_ENABLE_REFLECTION_BUFFERS UNITY_USE_DITHER_MASK_FOR_ALPHABLENDED_SHADOWS UNITY_PBS_USE_BRDF1 UNITY_SPECCUBE_BOX_PROJECTION UNITY_SPECCUBE_BLENDING UNITY_ENABLE_DETAIL_NORMALMAP SHADER_API_DESKTOP UNITY_COLORSPACE_GAMMA UNITY_LIGHT_PROBE_PROXY_VOLUME UNITY_LIGHTMAP_FULL_HDR ok=1
Cmd: preprocessCompute
  insize=1366 outsize=1372 ok=1
Cmd: compileComputeKernel
  api=4 insize=1372 outsize=666 ok=1
Cmd: preprocess
  insize=18513 outsize=2654 ok=1
Cmd: compileSnippet
  api=4 type=0 insize=14285 outsize=690 kw= pd=UNITY_ENABLE_REFLECTION_BUFFERS UNITY_USE_DITHER_MASK_FOR_ALPHABLENDED_SHADOWS UNITY_PBS_USE_BRDF1 UNITY_SPECCUBE_BOX_PROJECTION UNITY_SPECCUBE_BLENDING UNITY_ENABLE_DETAIL_NORMALMAP SHADER_API_DESKTOP UNITY_COLORSPACE_GAMMA UNITY_LIGHT_PROBE_PROXY_VOLUME UNITY_LIGHTMAP_FULL_HDR ok=1
Cmd: compileSnippet
  api=4 type=1 insize=14285 outsize=2310 kw= pd=UNITY_ENABLE_REFLECTION_BUFFERS UNITY_USE_DITHER_MASK_FOR_ALPHABLENDED_SHADOWS UNITY_PBS_USE_BRDF1 UNITY_SPECCUBE_BOX_PROJECTION UNITY_SPECCUBE_BLENDING UNITY_ENABLE_DETAIL_NORMALMAP SHADER_API_DESKTOP UNITY_COLORSPACE_GAMMA UNITY_LIGHT_PROBE_PROXY_VOLUME UNITY_LIGHTMAP_FULL_HDR ok=1
Cmd: compileSnippet
  api=4 type=0 insize=14298 outsize=690 kw= pd=UNITY_ENABLE_REFLECTION_BUFFERS UNITY_USE_DITHER_MASK_FOR_ALPHABLENDED_SHADOWS UNITY_PBS_USE_BRDF1 UNITY_SPECCUBE_BOX_PROJECTION UNITY_SPECCUBE_BLENDING UNITY_ENABLE_DETAIL_NORMALMAP SHADER_API_DESKTOP UNITY_COLORSPACE_GAMMA UNITY_LIGHT_PROBE_PROXY_VOLUME UNITY_LIGHTMAP_FULL_HDR ok=1
Cmd: compileSnippet
  api=4 type=1 insize=14298 outsize=2310 kw= pd=UNITY_ENABLE_REFLECTION_BUFFERS UNITY_USE_DITHER_MASK_FOR_ALPHABLENDED_SHADOWS UNITY_PBS_USE_BRDF1 UNITY_SPECCUBE_BOX_PROJECTION UNITY_SPECCUBE_BLENDING UNITY_ENABLE_DETAIL_NORMALMAP SHADER_API_DESKTOP UNITY_COLORSPACE_GAMMA UNITY_LIGHT_PROBE_PROXY_VOLUME UNITY_LIGHTMAP_FULL_HDR ok=1
Cmd: compileSnippet
  api=4 type=0 insize=15239 outsize=690 kw= pd=UNITY_ENABLE_REFLECTION_BUFFERS UNITY_USE_DITHER_MASK_FOR_ALPHABLENDED_SHADOWS UNITY_PBS_USE_BRDF1 UNITY_SPECCUBE_BOX_PROJECTION UNITY_SPECCUBE_BLENDING UNITY_ENABLE_DETAIL_NORMALMAP SHADER_API_DESKTOP UNITY_COLORSPACE_GAMMA UNITY_LIGHT_PROBE_PROXY_VOLUME UNITY_LIGHTMAP_FULL_HDR ok=1
Cmd: compileSnippet
  api=4 type=1 insize=15239 outsize=7082 kw= pd=UNITY_ENABLE_REFLECTION_BUFFERS UNITY_USE_DITHER_MASK_FOR_ALPHABLENDED_SHADOWS UNITY_PBS_USE_BRDF1 UNITY_SPECCUBE_BOX_PROJECTION UNITY_SPECCUBE_BLENDING UNITY_ENABLE_DETAIL_NORMALMAP SHADER_API_DESKTOP UNITY_COLORSPACE_GAMMA UNITY_LIGHT_PROBE_PROXY_VOLUME UNITY_LIGHTMAP_FULL_HDR ok=1
Cmd: preprocessCompute
  insize=5013 outsize=5015 ok=1
Cmd: compileComputeKernel
  api=4 insize=5015 outsize=2757 ok=1
Cmd: preprocess
  insize=3759 outsize=647 ok=1
Cmd: compileSnippet
  api=4 type=0 insize=3555 outsize=1358 kw= pd=UNITY_ENABLE_REFLECTION_BUFFERS UNITY_USE_DITHER_MASK_FOR_ALPHABLENDED_SHADOWS UNITY_PBS_USE_BRDF1 UNITY_SPECCUBE_BOX_PROJECTION UNITY_SPECCUBE_BLENDING UNITY_ENABLE_DETAIL_NORMALMAP SHADER_API_DESKTOP UNITY_COLORSPACE_GAMMA UNITY_LIGHT_PROBE_PROXY_VOLUME UNITY_LIGHTMAP_FULL_HDR ok=1
Cmd: compileSnippet
  api=4 type=1 insize=3555 outsize=1046 kw= pd=UNITY_ENABLE_REFLECTION_BUFFERS UNITY_USE_DITHER_MASK_FOR_ALPHABLENDED_SHADOWS UNITY_PBS_USE_BRDF1 UNITY_SPECCUBE_BOX_PROJECTION UNITY_SPECCUBE_BLENDING UNITY_ENABLE_DETAIL_NORMALMAP SHADER_API_DESKTOP UNITY_COLORSPACE_GAMMA UNITY_LIGHT_PROBE_PROXY_VOLUME UNITY_LIGHTMAP_FULL_HDR ok=1
Cmd: preprocess
  insize=1074 outsize=379 ok=1
Cmd: compileSnippet
  api=4 type=0 insize=1136 outsize=538 kw= pd=UNITY_ENABLE_REFLECTION_BUFFERS UNITY_USE_DITHER_MASK_FOR_ALPHABLENDED_SHADOWS UNITY_PBS_USE_BRDF1 UNITY_SPECCUBE_BOX_PROJECTION UNITY_SPECCUBE_BLENDING UNITY_ENABLE_DETAIL_NORMALMAP SHADER_API_DESKTOP UNITY_COLORSPACE_GAMMA UNITY_LIGHT_PROBE_PROXY_VOLUME UNITY_LIGHTMAP_FULL_HDR ok=1
Cmd: compileSnippet
  api=4 type=1 insize=1136 outsize=262 kw= pd=UNITY_ENABLE_REFLECTION_BUFFERS UNITY_USE_DITHER_MASK_FOR_ALPHABLENDED_SHADOWS UNITY_PBS_USE_BRDF1 UNITY_SPECCUBE_BOX_PROJECTION UNITY_SPECCUBE_BLENDING UNITY_ENABLE_DETAIL_NORMALMAP SHADER_API_DESKTOP UNITY_COLORSPACE_GAMMA UNITY_LIGHT_PROBE_PROXY_VOLUME UNITY_LIGHTMAP_FULL_HDR ok=1
Cmd: preprocess
  insize=1091 outsize=185 ok=1
Cmd: compileSnippet
  api=4 type=0 insize=1342 outsize=538 kw= pd=UNITY_ENABLE_REFLECTION_BUFFERS UNITY_USE_DITHER_MASK_FOR_ALPHABLENDED_SHADOWS UNITY_PBS_USE_BRDF1 UNITY_SPECCUBE_BOX_PROJECTION UNITY_SPECCUBE_BLENDING UNITY_ENABLE_DETAIL_NORMALMAP SHADER_API_DESKTOP UNITY_COLORSPACE_GAMMA UNITY_LIGHT_PROBE_PROXY_VOLUME UNITY_LIGHTMAP_FULL_HDR ok=1
Cmd: compileSnippet
  api=4 type=1 insize=1342 outsize=218 kw= pd=UNITY_ENABLE_REFLECTION_BUFFERS UNITY_USE_DITHER_MASK_FOR_ALPHABLENDED_SHADOWS UNITY_PBS_USE_BRDF1 UNITY_SPECCUBE_BOX_PROJECTION UNITY_SPECCUBE_BLENDING UNITY_ENABLE_DETAIL_NORMALMAP SHADER_API_DESKTOP UNITY_COLORSPACE_GAMMA UNITY_LIGHT_PROBE_PROXY_VOLUME UNITY_LIGHTMAP_FULL_HDR ok=1
Cmd: preprocessCompute
  insize=9091 outsize=9103 ok=1
Cmd: compileComputeKernel
  api=4 insize=9103 outsize=2140 ok=1
Cmd: preprocess
  insize=978 outsize=231 ok=1
Cmd: compileSnippet
  api=4 type=0 insize=1186 outsize=650 kw= pd=UNITY_ENABLE_REFLECTION_BUFFERS UNITY_USE_DITHER_MASK_FOR_ALPHABLENDED_SHADOWS UNITY_PBS_USE_BRDF1 UNITY_SPECCUBE_BOX_PROJECTION UNITY_SPECCUBE_BLENDING UNITY_ENABLE_DETAIL_NORMALMAP SHADER_API_DESKTOP UNITY_COLORSPACE_GAMMA UNITY_LIGHT_PROBE_PROXY_VOLUME UNITY_LIGHTMAP_FULL_HDR ok=1
Cmd: compileSnippet
  api=4 type=1 insize=1186 outsize=562 kw= pd=UNITY_ENABLE_REFLECTION_BUFFERS UNITY_USE_DITHER_MASK_FOR_ALPHABLENDED_SHADOWS UNITY_PBS_USE_BRDF1 UNITY_SPECCUBE_BOX_PROJECTION UNITY_SPECCUBE_BLENDING UNITY_ENABLE_DETAIL_NORMALMAP SHADER_API_DESKTOP UNITY_COLORSPACE_GAMMA UNITY_LIGHT_PROBE_PROXY_VOLUME UNITY_LIGHTMAP_FULL_HDR ok=1
Cmd: preprocess
  insize=428 outsize=428 ok=1
Cmd: compileSnippet
  api=4 type=0 insize=771 outsize=622 kw= pd=UNITY_ENABLE_REFLECTION_BUFFERS UNITY_USE_DITHER_MASK_FOR_ALPHABLENDED_SHADOWS UNITY_PBS_USE_BRDF1 UNITY_SPECCUBE_BOX_PROJECTION UNITY_SPECCUBE_BLENDING UNITY_ENABLE_DETAIL_NORMALMAP SHADER_API_DESKTOP UNITY_COLORSPACE_GAMMA UNITY_LIGHT_PROBE_PROXY_VOLUME UNITY_LIGHTMAP_FULL_HDR ok=1
Cmd: compileSnippet
  api=4 type=1 insize=771 outsize=250 kw= pd=UNITY_ENABLE_REFLECTION_BUFFERS UNITY_USE_DITHER_MASK_FOR_ALPHABLENDED_SHADOWS UNITY_PBS_USE_BRDF1 UNITY_SPECCUBE_BOX_PROJECTION UNITY_SPECCUBE_BLENDING UNITY_ENABLE_DETAIL_NORMALMAP SHADER_API_DESKTOP UNITY_COLORSPACE_GAMMA UNITY_LIGHT_PROBE_PROXY_VOLUME UNITY_LIGHTMAP_FULL_HDR ok=1
Cmd: preprocess
  insize=4178 outsize=709 ok=1
Cmd: compileSnippet
  api=4 type=0 insize=3912 outsize=1490 kw= pd=UNITY_ENABLE_REFLECTION_BUFFERS UNITY_USE_DITHER_MASK_FOR_ALPHABLENDED_SHADOWS UNITY_PBS_USE_BRDF1 UNITY_SPECCUBE_BOX_PROJECTION UNITY_SPECCUBE_BLENDING UNITY_ENABLE_DETAIL_NORMALMAP SHADER_API_DESKTOP UNITY_COLORSPACE_GAMMA UNITY_LIGHT_PROBE_PROXY_VOLUME UNITY_LIGHTMAP_FULL_HDR ok=1
Cmd: compileSnippet
  api=4 type=1 insize=3912 outsize=1502 kw= pd=UNITY_ENABLE_REFLECTION_BUFFERS UNITY_USE_DITHER_MASK_FOR_ALPHABLENDED_SHADOWS UNITY_PBS_USE_BRDF1 UNITY_SPECCUBE_BOX_PROJECTION UNITY_SPECCUBE_BLENDING UNITY_ENABLE_DETAIL_NORMALMAP SHADER_API_DESKTOP UNITY_COLORSPACE_GAMMA UNITY_LIGHT_PROBE_PROXY_VOLUME UNITY_LIGHTMAP_FULL_HDR ok=1
Cmd: preprocess
  insize=1414 outsize=393 ok=1
Cmd: compileSnippet
  api=4 type=0 insize=1462 outsize=650 kw= pd=UNITY_ENABLE_REFLECTION_BUFFERS UNITY_USE_DITHER_MASK_FOR_ALPHABLENDED_SHADOWS UNITY_PBS_USE_BRDF1 UNITY_SPECCUBE_BOX_PROJECTION UNITY_SPECCUBE_BLENDING UNITY_ENABLE_DETAIL_NORMALMAP SHADER_API_DESKTOP UNITY_COLORSPACE_GAMMA UNITY_LIGHT_PROBE_PROXY_VOLUME UNITY_LIGHTMAP_FULL_HDR ok=1
Cmd: compileSnippet
  api=4 type=1 insize=1462 outsize=298 kw= pd=UNITY_ENABLE_REFLECTION_BUFFERS UNITY_USE_DITHER_MASK_FOR_ALPHABLENDED_SHADOWS UNITY_PBS_USE_BRDF1 UNITY_SPECCUBE_BOX_PROJECTION UNITY_SPECCUBE_BLENDING UNITY_ENABLE_DETAIL_NORMALMAP SHADER_API_DESKTOP UNITY_COLORSPACE_GAMMA UNITY_LIGHT_PROBE_PROXY_VOLUME UNITY_LIGHTMAP_FULL_HDR ok=1
Cmd: preprocessCompute
  insize=1163 outsize=1165 ok=1
Cmd: compileComputeKernel
  api=4 insize=1165 outsize=1319 ok=1
Cmd: preprocessCompute
  insize=6371 outsize=6373 ok=1
Cmd: compileComputeKernel
  api=4 insize=6373 outsize=2003 ok=1
Cmd: preprocessCompute
  insize=5813 outsize=5815 ok=1
Cmd: compileComputeKernel
  api=4 insize=5815 outsize=1508 ok=1
Cmd: preprocess
  insize=22662 outsize=472 ok=1
Cmd: preprocessCompute
  insize=1965 outsize=1967 ok=1
Cmd: compileComputeKernel
  api=4 insize=1967 outsize=1398 ok=1
Cmd: compileSnippet
  api=4 type=0 insize=934 outsize=818 kw= pd=UNITY_ENABLE_REFLECTION_BUFFERS UNITY_USE_DITHER_MASK_FOR_ALPHABLENDED_SHADOWS UNITY_PBS_USE_BRDF1 UNITY_SPECCUBE_BOX_PROJECTION UNITY_SPECCUBE_BLENDING UNITY_ENABLE_DETAIL_NORMALMAP SHADER_API_DESKTOP UNITY_COLORSPACE_GAMMA UNITY_LIGHT_PROBE_PROXY_VOLUME UNITY_LIGHTMAP_FULL_HDR ok=1
Cmd: compileSnippet
  api=4 type=1 insize=934 outsize=250 kw= pd=UNITY_ENABLE_REFLECTION_BUFFERS UNITY_USE_DITHER_MASK_FOR_ALPHABLENDED_SHADOWS UNITY_PBS_USE_BRDF1 UNITY_SPECCUBE_BOX_PROJECTION UNITY_SPECCUBE_BLENDING UNITY_ENABLE_DETAIL_NORMALMAP SHADER_API_DESKTOP UNITY_COLORSPACE_GAMMA UNITY_LIGHT_PROBE_PROXY_VOLUME UNITY_LIGHTMAP_FULL_HDR ok=1
Cmd: preprocessCompute
  insize=6337 outsize=6339 ok=1
Cmd: compileComputeKernel
  api=4 insize=6339 outsize=2207 ok=1
Cmd: preprocessCompute
  insize=5813 outsize=5815 ok=1
Cmd: preprocess
  insize=22662 outsize=472 ok=1
Cmd: preprocessCompute
  insize=1965 outsize=1967 ok=1
Cmd: preprocessCompute
  insize=6335 outsize=6337 ok=1
Cmd: compileComputeKernel
  api=4 insize=6337 outsize=2195 ok=1
Cmd: preprocessCompute
  insize=5773 outsize=5775 ok=1
Cmd: compileComputeKernel
  api=4 insize=5775 outsize=1402 ok=1
Cmd: preprocess
  insize=22577 outsize=459 ok=1
Cmd: preprocessCompute
  insize=6343 outsize=6345 ok=1
Cmd: compileComputeKernel
  api=4 insize=6345 outsize=2195 ok=1
Cmd: preprocessCompute
  insize=5801 outsize=5803 ok=1
Cmd: compileComputeKernel
  api=4 insize=5803 outsize=1402 ok=1
Cmd: preprocess
  insize=22595 outsize=459 ok=1
Cmd: preprocessCompute
  insize=6343 outsize=6345 ok=1
Cmd: compileComputeKernel
  api=4 insize=6345 outsize=2195 ok=1
Cmd: preprocessCompute
  insize=5801 outsize=5803 ok=1
Cmd: compileComputeKernel
  api=4 insize=5803 outsize=1402 ok=1
Cmd: preprocess
  insize=22595 outsize=459 ok=1
Cmd: compileSnippet
  api=4 type=0 insize=1919 outsize=846 kw= pd=UNITY_ENABLE_REFLECTION_BUFFERS UNITY_USE_DITHER_MASK_FOR_ALPHABLENDED_SHADOWS UNITY_PBS_USE_BRDF1 UNITY_SPECCUBE_BOX_PROJECTION UNITY_SPECCUBE_BLENDING UNITY_ENABLE_DETAIL_NORMALMAP SHADER_API_DESKTOP UNITY_COLORSPACE_GAMMA UNITY_LIGHT_PROBE_PROXY_VOLUME UNITY_LIGHTMAP_FULL_HDR ok=1
Cmd: compileSnippet
  api=4 type=1 insize=1919 outsize=562 kw= pd=UNITY_ENABLE_REFLECTION_BUFFERS UNITY_USE_DITHER_MASK_FOR_ALPHABLENDED_SHADOWS UNITY_PBS_USE_BRDF1 UNITY_SPECCUBE_BOX_PROJECTION UNITY_SPECCUBE_BLENDING UNITY_ENABLE_DETAIL_NORMALMAP SHADER_API_DESKTOP UNITY_COLORSPACE_GAMMA UNITY_LIGHT_PROBE_PROXY_VOLUME UNITY_LIGHTMAP_FULL_HDR ok=1
Cmd: compileSnippet
  api=4 type=0 insize=1915 outsize=846 kw= pd=UNITY_ENABLE_REFLECTION_BUFFERS UNITY_USE_DITHER_MASK_FOR_ALPHABLENDED_SHADOWS UNITY_PBS_USE_BRDF1 UNITY_SPECCUBE_BOX_PROJECTION UNITY_SPECCUBE_BLENDING UNITY_ENABLE_DETAIL_NORMALMAP SHADER_API_DESKTOP UNITY_COLORSPACE_GAMMA UNITY_LIGHT_PROBE_PROXY_VOLUME UNITY_LIGHTMAP_FULL_HDR ok=1
Cmd: compileSnippet
  api=4 type=1 insize=1915 outsize=562 kw= pd=UNITY_ENABLE_REFLECTION_BUFFERS UNITY_USE_DITHER_MASK_FOR_ALPHABLENDED_SHADOWS UNITY_PBS_USE_BRDF1 UNITY_SPECCUBE_BOX_PROJECTION UNITY_SPECCUBE_BLENDING UNITY_ENABLE_DETAIL_NORMALMAP SHADER_API_DESKTOP UNITY_COLORSPACE_GAMMA UNITY_LIGHT_PROBE_PROXY_VOLUME UNITY_LIGHTMAP_FULL_HDR ok=1
Cmd: compileSnippet
  api=4 type=0 insize=1915 outsize=846 kw= pd=UNITY_ENABLE_REFLECTION_BUFFERS UNITY_USE_DITHER_MASK_FOR_ALPHABLENDED_SHADOWS UNITY_PBS_USE_BRDF1 UNITY_SPECCUBE_BOX_PROJECTION UNITY_SPECCUBE_BLENDING UNITY_ENABLE_DETAIL_NORMALMAP SHADER_API_DESKTOP UNITY_COLORSPACE_GAMMA UNITY_LIGHT_PROBE_PROXY_VOLUME UNITY_LIGHTMAP_FULL_HDR ok=1
Cmd: compileSnippet
  api=4 type=1 insize=1915 outsize=562 kw= pd=UNITY_ENABLE_REFLECTION_BUFFERS UNITY_USE_DITHER_MASK_FOR_ALPHABLENDED_SHADOWS UNITY_PBS_USE_BRDF1 UNITY_SPECCUBE_BOX_PROJECTION UNITY_SPECCUBE_BLENDING UNITY_ENABLE_DETAIL_NORMALMAP SHADER_API_DESKTOP UNITY_COLORSPACE_GAMMA UNITY_LIGHT_PROBE_PROXY_VOLUME UNITY_LIGHTMAP_FULL_HDR ok=1
Cmd: compileSnippet
  api=4 type=0 insize=1919 outsize=846 kw= pd=UNITY_ENABLE_REFLECTION_BUFFERS UNITY_USE_DITHER_MASK_FOR_ALPHABLENDED_SHADOWS UNITY_PBS_USE_BRDF1 UNITY_SPECCUBE_BOX_PROJECTION UNITY_SPECCUBE_BLENDING UNITY_ENABLE_DETAIL_NORMALMAP SHADER_API_DESKTOP UNITY_COLORSPACE_GAMMA UNITY_LIGHT_PROBE_PROXY_VOLUME UNITY_LIGHTMAP_FULL_HDR ok=1
Cmd: compileSnippet
  api=4 type=1 insize=1919 outsize=562 kw= pd=UNITY_ENABLE_REFLECTION_BUFFERS UNITY_USE_DITHER_MASK_FOR_ALPHABLENDED_SHADOWS UNITY_PBS_USE_BRDF1 UNITY_SPECCUBE_BOX_PROJECTION UNITY_SPECCUBE_BLENDING UNITY_ENABLE_DETAIL_NORMALMAP SHADER_API_DESKTOP UNITY_COLORSPACE_GAMMA UNITY_LIGHT_PROBE_PROXY_VOLUME UNITY_LIGHTMAP_FULL_HDR ok=1
Cmd: compileSnippet
  api=4 type=0 insize=1909 outsize=846 kw= pd=UNITY_ENABLE_REFLECTION_BUFFERS UNITY_USE_DITHER_MASK_FOR_ALPHABLENDED_SHADOWS UNITY_PBS_USE_BRDF1 UNITY_SPECCUBE_BOX_PROJECTION UNITY_SPECCUBE_BLENDING UNITY_ENABLE_DETAIL_NORMALMAP SHADER_API_DESKTOP UNITY_COLORSPACE_GAMMA UNITY_LIGHT_PROBE_PROXY_VOLUME UNITY_LIGHTMAP_FULL_HDR ok=1
Cmd: compileSnippet
  api=4 type=1 insize=1909 outsize=562 kw= pd=UNITY_ENABLE_REFLECTION_BUFFERS UNITY_USE_DITHER_MASK_FOR_ALPHABLENDED_SHADOWS UNITY_PBS_USE_BRDF1 UNITY_SPECCUBE_BOX_PROJECTION UNITY_SPECCUBE_BLENDING UNITY_ENABLE_DETAIL_NORMALMAP SHADER_API_DESKTOP UNITY_COLORSPACE_GAMMA UNITY_LIGHT_PROBE_PROXY_VOLUME UNITY_LIGHTMAP_FULL_HDR ok=1
Cmd: compileSnippet
  api=4 type=0 insize=1917 outsize=846 kw= pd=UNITY_ENABLE_REFLECTION_BUFFERS UNITY_USE_DITHER_MASK_FOR_ALPHABLENDED_SHADOWS UNITY_PBS_USE_BRDF1 UNITY_SPECCUBE_BOX_PROJECTION UNITY_SPECCUBE_BLENDING UNITY_ENABLE_DETAIL_NORMALMAP SHADER_API_DESKTOP UNITY_COLORSPACE_GAMMA UNITY_LIGHT_PROBE_PROXY_VOLUME UNITY_LIGHTMAP_FULL_HDR ok=1
Cmd: compileSnippet
  api=4 type=1 insize=1917 outsize=562 kw= pd=UNITY_ENABLE_REFLECTION_BUFFERS UNITY_USE_DITHER_MASK_FOR_ALPHABLENDED_SHADOWS UNITY_PBS_USE_BRDF1 UNITY_SPECCUBE_BOX_PROJECTION UNITY_SPECCUBE_BLENDING UNITY_ENABLE_DETAIL_NORMALMAP SHADER_API_DESKTOP UNITY_COLORSPACE_GAMMA UNITY_LIGHT_PROBE_PROXY_VOLUME UNITY_LIGHTMAP_FULL_HDR ok=1
Cmd: preprocessCompute
  insize=7426 outsize=7428 ok=1
Cmd: compileComputeKernel
  api=4 insize=7428 outsize=2833 ok=1
Cmd: preprocessCompute
  insize=5801 outsize=5803 ok=1
Cmd: compileComputeKernel
  api=4 insize=5803 outsize=1402 ok=1
Cmd: preprocess
  insize=22895 outsize=459 ok=1
Cmd: preprocessCompute
  insize=6877 outsize=6879 ok=1
Cmd: compileComputeKernel
  api=4 insize=6879 outsize=2477 ok=1
Cmd: preprocessCompute
  insize=5801 outsize=5803 ok=1
Cmd: compileComputeKernel
  api=4 insize=5803 outsize=1402 ok=1
Cmd: preprocess
  insize=22695 outsize=458 ok=1
Cmd: preprocessCompute
  insize=6877 outsize=6879 ok=1
Cmd: preprocessCompute
  insize=5801 outsize=5803 ok=1
Cmd: preprocess
  insize=22695 outsize=458 ok=1
Cmd: preprocessCompute
  insize=6877 outsize=6879 ok=1
Cmd: preprocessCompute
  insize=5801 outsize=5803 ok=1
Cmd: preprocess
  insize=22695 outsize=458 ok=1
Cmd: preprocessCompute
  insize=6877 outsize=6879 ok=1
Cmd: preprocessCompute
  insize=5801 outsize=5803 ok=1
Cmd: preprocess
  insize=22695 outsize=458 ok=1
Cmd: preprocessCompute
  insize=6877 outsize=6879 ok=1
Cmd: preprocessCompute
  insize=5801 outsize=5803 ok=1
Cmd: preprocess
  insize=22695 outsize=458 ok=1
Cmd: preprocessCompute
  insize=6877 outsize=6879 ok=1
Cmd: preprocessCompute
  insize=5801 outsize=5803 ok=1
Cmd: preprocess
  insize=22695 outsize=458 ok=1
Cmd: preprocessCompute
  insize=6877 outsize=6879 ok=1
Cmd: preprocessCompute
  insize=5801 outsize=5803 ok=1
Cmd: preprocess
  insize=22695 outsize=458 ok=1
Cmd: preprocessCompute
  insize=6877 outsize=6879 ok=1
Cmd: preprocessCompute
  insize=5801 outsize=5803 ok=1
Cmd: preprocess
  insize=22695 outsize=458 ok=1
Cmd: preprocessCompute
  insize=6877 outsize=6879 ok=1
Cmd: preprocessCompute
  insize=5801 outsize=5803 ok=1
Cmd: preprocess
  insize=22695 outsize=458 ok=1
Cmd: preprocessCompute
  insize=6877 outsize=6879 ok=1
Cmd: preprocessCompute
  insize=5801 outsize=5803 ok=1
Cmd: preprocess
  insize=22695 outsize=458 ok=1
Cmd: preprocessCompute
  insize=6877 outsize=6879 ok=1
Cmd: preprocessCompute
  insize=5801 outsize=5803 ok=1
Cmd: preprocess
  insize=22695 outsize=458 ok=1
Cmd: preprocessCompute
  insize=6877 outsize=6879 ok=1
Cmd: preprocessCompute
  insize=5801 outsize=5803 ok=1
Cmd: preprocess
  insize=22695 outsize=458 ok=1
Cmd: preprocessCompute
  insize=6877 outsize=6879 ok=1
Cmd: preprocessCompute
  insize=5801 outsize=5803 ok=1
Cmd: preprocess
  insize=22695 outsize=458 ok=1
Cmd: preprocessCompute
  insize=6877 outsize=6879 ok=1
Cmd: preprocessCompute
  insize=5801 outsize=5803 ok=1
Cmd: preprocess
  insize=22695 outsize=458 ok=1
Cmd: preprocessCompute
  insize=6877 outsize=6879 ok=1
Cmd: preprocessCompute
  insize=5801 outsize=5803 ok=1
Cmd: preprocess
  insize=22695 outsize=458 ok=1
Cmd: preprocessCompute
  insize=6877 outsize=6879 ok=1
Cmd: preprocessCompute
  insize=5801 outsize=5803 ok=1
Cmd: preprocess
  insize=22695 outsize=458 ok=1
Cmd: preprocessCompute
  insize=6877 outsize=6879 ok=1
Cmd: preprocessCompute
  insize=5801 outsize=5803 ok=1
Cmd: preprocess
  insize=22695 outsize=458 ok=1
Cmd: preprocessCompute
  insize=6877 outsize=6879 ok=1
Cmd: preprocessCompute
  insize=5801 outsize=5803 ok=1
Cmd: preprocess
  insize=22695 outsize=458 ok=1
Cmd: preprocessCompute
  insize=6877 outsize=6879 ok=1
Cmd: preprocessCompute
  insize=5801 outsize=5803 ok=1
Cmd: preprocess
  insize=22695 outsize=458 ok=1
Cmd: preprocessCompute
  insize=6877 outsize=6879 ok=1
Cmd: preprocessCompute
  insize=5801 outsize=5803 ok=1
Cmd: preprocess
  insize=22695 outsize=458 ok=1
Cmd: preprocessCompute
  insize=6877 outsize=6879 ok=1
Cmd: preprocessCompute
  insize=5801 outsize=5803 ok=1
Cmd: preprocess
  insize=22695 outsize=458 ok=1
Cmd: preprocessCompute
  insize=6877 outsize=6879 ok=1
Cmd: preprocessCompute
  insize=5801 outsize=5803 ok=1
Cmd: preprocess
  insize=22695 outsize=458 ok=1
Cmd: preprocessCompute
  insize=6877 outsize=6879 ok=1
Cmd: preprocessCompute
  insize=5801 outsize=5803 ok=1
Cmd: preprocess
  insize=22695 outsize=458 ok=1
Cmd: preprocessCompute
  insize=6877 outsize=6879 ok=1
Cmd: preprocessCompute
  insize=5801 outsize=5803 ok=1
Cmd: preprocess
  insize=22695 outsize=458 ok=1
Cmd: preprocessCompute
  insize=7076 outsize=7078 ok=1
Cmd: compileComputeKernel
  api=4 insize=7078 outsize=2533 ok=1
Cmd: preprocessCompute
  insize=6946 outsize=6948 ok=1
Cmd: compileComputeKernel
  api=4 insize=6948 outsize=1572 ok=1
Cmd: preprocess
  insize=22695 outsize=459 ok=1
Cmd: preprocessCompute
  insize=7076 outsize=7078 ok=1
Cmd: preprocessCompute
  insize=6946 outsize=6948 ok=1
Cmd: preprocess
  insize=22695 outsize=459 ok=1
Cmd: preprocessCompute
  insize=7076 outsize=7078 ok=1
Cmd: preprocessCompute
  insize=6999 outsize=7001 ok=1
Cmd: compileComputeKernel
  api=4 insize=7001 outsize=1572 ok=1
Cmd: preprocess
  insize=22695 outsize=459 ok=1
Cmd: preprocessCompute
  insize=7076 outsize=7078 ok=1
Cmd: preprocessCompute
  insize=7347 outsize=7349 ok=1
Cmd: compileComputeKernel
  api=4 insize=7349 outsize=1994 ok=1
Cmd: preprocess
  insize=22695 outsize=459 ok=1
Cmd: preprocessCompute
  insize=4201 outsize=4203 ok=1
Cmd: compileComputeKernel
  api=4 insize=4203 outsize=223 ok=1
Cmd: preprocessCompute
  insize=3482 outsize=3484 ok=1
Cmd: compileComputeKernel
  api=4 insize=3484 outsize=659 ok=1
Cmd: preprocess
  insize=20251 outsize=472 ok=1
Cmd: preprocessCompute
  insize=1893 outsize=1895 ok=1
Cmd: compileComputeKernel
  api=4 insize=1895 outsize=1006 ok=1
Cmd: preprocessCompute
  insize=7076 outsize=7078 ok=1
Cmd: preprocessCompute
  insize=7347 outsize=7349 ok=1
Cmd: preprocess
  insize=22695 outsize=459 ok=1
Cmd: preprocessCompute
  insize=4201 outsize=4203 ok=1
Cmd: preprocessCompute
  insize=3450 outsize=3452 ok=1
Cmd: compileComputeKernel
  api=4 insize=3452 outsize=223 ok=1
Cmd: preprocess
  insize=20202 outsize=459 ok=1
Cmd: preprocessCompute
  insize=7076 outsize=7078 ok=1
Cmd: preprocessCompute
  insize=7347 outsize=7349 ok=1
Cmd: preprocess
  insize=22695 outsize=459 ok=1
Cmd: preprocessCompute
  insize=5198 outsize=5200 ok=1
Cmd: compileComputeKernel
  api=4 insize=5200 outsize=1796 ok=1
Cmd: preprocessCompute
  insize=4873 outsize=4875 ok=1
Cmd: compileComputeKernel
  api=4 insize=4875 outsize=1154 ok=1
Cmd: preprocess
  insize=20280 outsize=459 ok=1
Cmd: preprocessCompute
  insize=7076 outsize=7078 ok=1
Cmd: preprocessCompute
  insize=7347 outsize=7349 ok=1
Cmd: preprocess
  insize=22695 outsize=459 ok=1
Cmd: preprocessCompute
  insize=5613 outsize=5615 ok=1
Cmd: compileComputeKernel
  api=4 insize=5615 outsize=1886 ok=1
Cmd: preprocessCompute
  insize=4877 outsize=4879 ok=1
Cmd: compileComputeKernel
  api=4 insize=4879 outsize=1154 ok=1
Cmd: preprocess
  insize=20358 outsize=459 ok=1
Cmd: preprocessCompute
  insize=7076 outsize=7078 ok=1
Cmd: preprocessCompute
  insize=7347 outsize=7349 ok=1
Cmd: preprocess
  insize=22695 outsize=459 ok=1
Cmd: preprocessCompute
  insize=5198 outsize=5200 ok=1
Cmd: preprocessCompute
  insize=4873 outsize=4875 ok=1
Cmd: preprocess
  insize=20280 outsize=459 ok=1
Cmd: preprocessCompute
  insize=7076 outsize=7078 ok=1
Cmd: preprocessCompute
  insize=7347 outsize=7349 ok=1
Cmd: preprocess
  insize=22695 outsize=459 ok=1
Cmd: preprocessCompute
  insize=5672 outsize=5674 ok=1
Cmd: compileComputeKernel
  api=4 insize=5674 outsize=2050 ok=1
Cmd: preprocessCompute
  insize=4877 outsize=4879 ok=1
Cmd: preprocess
  insize=20358 outsize=459 ok=1
Cmd: preprocessCompute
  insize=7076 outsize=7078 ok=1
Cmd: preprocessCompute
  insize=7347 outsize=7349 ok=1
Cmd: preprocess
  insize=22695 outsize=459 ok=1
Cmd: preprocessCompute
  insize=6422 outsize=6424 ok=1
Cmd: compileComputeKernel
  api=4 insize=6424 outsize=2608 ok=1
Cmd: preprocessCompute
  insize=5783 outsize=5785 ok=1
Cmd: compileComputeKernel
  api=4 insize=5785 outsize=1406 ok=1
Cmd: preprocess
  insize=20489 outsize=459 ok=1
Cmd: preprocessCompute
  insize=7076 outsize=7078 ok=1
Cmd: preprocessCompute
  insize=7347 outsize=7349 ok=1
Cmd: preprocess
  insize=22695 outsize=459 ok=1
Cmd: preprocessCompute
  insize=6423 outsize=6425 ok=1
Cmd: compileComputeKernel
  api=4 insize=6425 outsize=2580 ok=1
Cmd: preprocessCompute
  insize=5787 outsize=5789 ok=1
Cmd: compileComputeKernel
  api=4 insize=5789 outsize=1402 ok=1
Cmd: preprocess
  insize=21571 outsize=459 ok=1
Cmd: preprocessCompute
  insize=7076 outsize=7078 ok=1
Cmd: preprocessCompute
  insize=7347 outsize=7349 ok=1
Cmd: preprocess
  insize=22695 outsize=459 ok=1
Cmd: preprocessCompute
  insize=6423 outsize=6425 ok=1
Cmd: preprocessCompute
  insize=5787 outsize=5789 ok=1
Cmd: preprocess
  insize=21571 outsize=459 ok=1
Cmd: preprocessCompute
  insize=7076 outsize=7078 ok=1
Cmd: preprocessCompute
  insize=7347 outsize=7349 ok=1
Cmd: preprocess
  insize=22695 outsize=459 ok=1
Cmd: preprocessCompute
  insize=6423 outsize=6425 ok=1
Cmd: preprocessCompute
  insize=5787 outsize=5789 ok=1
Cmd: preprocess
  insize=21571 outsize=459 ok=1
Cmd: preprocessCompute
  insize=7076 outsize=7078 ok=1
Cmd: preprocessCompute
  insize=7347 outsize=7349 ok=1
Cmd: preprocess
  insize=22695 outsize=459 ok=1
Cmd: preprocessCompute
  insize=6423 outsize=6425 ok=1
Cmd: preprocessCompute
  insize=5787 outsize=5789 ok=1
Cmd: preprocess
  insize=21571 outsize=459 ok=1
Cmd: preprocessCompute
  insize=7076 outsize=7078 ok=1
Cmd: preprocessCompute
  insize=7347 outsize=7349 ok=1
Cmd: preprocess
  insize=22695 outsize=459 ok=1
Cmd: preprocessCompute
  insize=6423 outsize=6425 ok=1
Cmd: preprocessCompute
  insize=5787 outsize=5789 ok=1
Cmd: preprocess
  insize=21571 outsize=459 ok=1
Cmd: preprocessCompute
  insize=7121 outsize=7123 ok=1
Cmd: compileComputeKernel
  api=4 insize=7123 outsize=2377 ok=1
Cmd: preprocessCompute
  insize=7377 outsize=7379 ok=1
Cmd: compileComputeKernel
  api=4 insize=7379 outsize=1960 ok=1
Cmd: preprocess
  insize=22695 outsize=459 ok=1
Cmd: preprocessCompute
  insize=6431 outsize=6433 ok=1
Cmd: compileComputeKernel
  api=4 insize=6433 outsize=2238 ok=1
Cmd: preprocessCompute
  insize=5787 outsize=5789 ok=1
Cmd: preprocess
  insize=21571 outsize=459 ok=1
Cmd: preprocessCompute
  insize=7121 outsize=7123 ok=1
Cmd: preprocessCompute
  insize=7377 outsize=7379 ok=1
Cmd: preprocess
  insize=22695 outsize=459 ok=1
Cmd: preprocessCompute
  insize=6431 outsize=6433 ok=1
Cmd: preprocessCompute
  insize=5787 outsize=5789 ok=1
Cmd: preprocess
  insize=21571 outsize=459 ok=1
